[    50.619] _XSERVTransSocketUNIXCreateListener: ...SocketCreateListener() failed
[    50.619] _XSERVTransMakeAllCOTSServerListeners: server already running
[    50.620] (--) Log file renamed from "/home/tech41/.local/share/xorg/Xorg.pid-1776.log" to "/home/tech41/.local/share/xorg/Xorg.1.log"
[    50.621] 
X.Org X Server 1.21.1.4
X Protocol Version 11, Revision 0
[    50.621] Current Operating System: Linux tech41-TUF-GAMING-FX504GD-FX80GD 5.19.0-21-generic #21-Ubuntu SMP PREEMPT_DYNAMIC Wed Oct 12 18:33:17 UTC 2022 x86_64
[    50.621] Kernel command line: BOOT_IMAGE=/boot/vmlinuz-5.19.0-21-generic root=UUID=b6ee6e93-e5a6-4a0d-8915-ecc38163de10 ro quiet splash vt.handoff=7
[    50.621] xorg-server 2:21.1.4-2ubuntu1 (For technical support please see http://www.ubuntu.com/support) 
[    50.621] Current version of pixman: 0.40.0
[    50.621] 	Before reporting problems, check http://wiki.x.org
	to make sure that you have the latest version.
[    50.621] Markers: (--) probed, (**) from config file, (==) default setting,
	(++) from command line, (!!) notice, (II) informational,
	(WW) warning, (EE) error, (NI) not implemented, (??) unknown.
[    50.621] (==) Log file: "/home/tech41/.local/share/xorg/Xorg.1.log", Time: Tue Jan 24 17:32:12 2023
[    50.622] (==) Using system config directory "/usr/share/X11/xorg.conf.d"
[    50.622] (==) ServerLayout "layout"
[    50.622] (==) No screen section available. Using defaults.
[    50.622] (**) |-->Screen "Default Screen Section" (0)
[    50.622] (**) |   |-->Monitor "<default monitor>"
[    50.623] (==) No monitor specified for screen "Default Screen Section".
	Using a default monitor configuration.
[    50.623] (==) Automatically adding devices
[    50.623] (==) Automatically enabling devices
[    50.623] (==) Automatically adding GPU devices
[    50.623] (==) Automatically binding GPU devices
[    50.623] (==) Max clients allowed: 256, resource mask: 0x1fffff
[    50.623] (WW) The directory "/usr/share/fonts/X11/cyrillic" does not exist.
[    50.623] 	Entry deleted from font path.
[    50.623] (WW) The directory "/usr/share/fonts/X11/100dpi/" does not exist.
[    50.623] 	Entry deleted from font path.
[    50.623] (WW) The directory "/usr/share/fonts/X11/75dpi/" does not exist.
[    50.623] 	Entry deleted from font path.
[    50.623] (WW) The directory "/usr/share/fonts/X11/100dpi" does not exist.
[    50.623] 	Entry deleted from font path.
[    50.623] (WW) The directory "/usr/share/fonts/X11/75dpi" does not exist.
[    50.623] 	Entry deleted from font path.
[    50.623] (==) FontPath set to:
	/usr/share/fonts/X11/misc,
	/usr/share/fonts/X11/Type1,
	built-ins
[    50.623] (==) ModulePath set to "/usr/lib/xorg/modules"
[    50.623] (II) The server relies on udev to provide the list of input devices.
	If no devices become available, reconfigure udev or disable AutoAddDevices.
[    50.623] (II) Loader magic: 0x55a058e84020
[    50.623] (II) Module ABI versions:
[    50.623] 	X.Org ANSI C Emulation: 0.4
[    50.623] 	X.Org Video Driver: 25.2
[    50.623] 	X.Org XInput driver : 24.4
[    50.623] 	X.Org Server Extension : 10.0
[    50.625] (++) using VT number 2

[    50.630] (II) systemd-logind: took control of session /org/freedesktop/login1/session/_32
[    50.631] (II) xfree86: Adding drm device (/dev/dri/card0)
[    50.631] (II) Platform probe for /sys/devices/pci0000:00/0000:00:01.0/0000:01:00.0/drm/card0
[    50.632] (II) systemd-logind: got fd for /dev/dri/card0 226:0 fd 15 paused 0
[    50.633] (II) xfree86: Adding drm device (/dev/dri/card1)
[    50.633] (II) Platform probe for /sys/devices/pci0000:00/0000:00:02.0/drm/card1
[    50.633] (II) systemd-logind: got fd for /dev/dri/card1 226:1 fd 16 paused 0
[    50.636] (**) OutputClass "nvidia" ModulePath extended to "/usr/lib/x86_64-linux-gnu/nvidia/xorg,/usr/lib/xorg/modules"
[    50.639] (--) PCI:*(0@0:2:0) 8086:3e9b:1043:10c1 rev 0, Mem @ 0xa2000000/16777216, 0x80000000/268435456, I/O @ 0x00005000/64, BIOS @ 0x????????/131072
[    50.639] (--) PCI: (1@0:0:0) 10de:1c8d:1043:10c1 rev 161, Mem @ 0xa3000000/16777216, 0x90000000/268435456, 0xa0000000/33554432, I/O @ 0x00004000/128, BIOS @ 0x????????/524288
[    50.639] (II) LoadModule: "glx"
[    50.639] (II) Loading /usr/lib/xorg/modules/extensions/libglx.so
[    50.641] (II) Module glx: vendor="X.Org Foundation"
[    50.641] 	compiled for 1.21.1.4, module version = 1.0.0
[    50.641] 	ABI class: X.Org Server Extension, version 10.0
[    50.641] (II) Applying OutputClass "nvidia" to /dev/dri/card0
[    50.641] 	loading driver: nvidia
[    50.762] (==) Matched nvidia as autoconfigured driver 0
[    50.762] (==) Matched nouveau as autoconfigured driver 1
[    50.762] (==) Matched modesetting as autoconfigured driver 2
[    50.762] (==) Matched fbdev as autoconfigured driver 3
[    50.762] (==) Matched vesa as autoconfigured driver 4
[    50.762] (==) Assigned the driver to the xf86ConfigLayout
[    50.762] (II) LoadModule: "nvidia"
[    50.762] (II) Loading /usr/lib/x86_64-linux-gnu/nvidia/xorg/nvidia_drv.so
[    50.763] (II) Module nvidia: vendor="NVIDIA Corporation"
[    50.763] 	compiled for 1.6.99.901, module version = 1.0.0
[    50.763] 	Module class: X.Org Video Driver
[    50.763] (II) LoadModule: "nouveau"
[    50.763] (II) Loading /usr/lib/xorg/modules/drivers/nouveau_drv.so
[    50.763] (II) Module nouveau: vendor="X.Org Foundation"
[    50.763] 	compiled for 1.21.1.3, module version = 1.0.17
[    50.763] 	Module class: X.Org Video Driver
[    50.763] 	ABI class: X.Org Video Driver, version 25.2
[    50.763] (II) LoadModule: "modesetting"
[    50.763] (II) Loading /usr/lib/xorg/modules/drivers/modesetting_drv.so
[    50.764] (II) Module modesetting: vendor="X.Org Foundation"
[    50.764] 	compiled for 1.21.1.4, module version = 1.21.1
[    50.764] 	Module class: X.Org Video Driver
[    50.764] 	ABI class: X.Org Video Driver, version 25.2
[    50.764] (II) LoadModule: "fbdev"
[    50.764] (II) Loading /usr/lib/xorg/modules/drivers/fbdev_drv.so
[    50.764] (II) Module fbdev: vendor="X.Org Foundation"
[    50.764] 	compiled for 1.21.1.3, module version = 0.5.0
[    50.764] 	Module class: X.Org Video Driver
[    50.764] 	ABI class: X.Org Video Driver, version 25.2
[    50.764] (II) LoadModule: "vesa"
[    50.764] (II) Loading /usr/lib/xorg/modules/drivers/vesa_drv.so
[    50.764] (II) Module vesa: vendor="X.Org Foundation"
[    50.764] 	compiled for 1.21.1.3, module version = 2.5.0
[    50.764] 	Module class: X.Org Video Driver
[    50.764] 	ABI class: X.Org Video Driver, version 25.2
[    50.764] (II) NVIDIA dlloader X Driver  515.65.01  Wed Jul 20 13:50:46 UTC 2022
[    50.764] (II) NVIDIA Unified Driver for all Supported NVIDIA GPUs
[    50.764] (II) NOUVEAU driver Date:   Sat Jan 23 12:24:42 2021 -0500
[    50.764] (II) NOUVEAU driver for NVIDIA chipset families :
[    50.764] 	RIVA TNT            (NV04)
[    50.764] 	RIVA TNT2           (NV05)
[    50.764] 	GeForce 256         (NV10)
[    50.764] 	GeForce 2           (NV11, NV15)
[    50.764] 	GeForce 4MX         (NV17, NV18)
[    50.765] 	GeForce 3           (NV20)
[    50.765] 	GeForce 4Ti         (NV25, NV28)
[    50.765] 	GeForce FX          (NV3x)
[    50.765] 	GeForce 6           (NV4x)
[    50.765] 	GeForce 7           (G7x)
[    50.765] 	GeForce 8           (G8x)
[    50.765] 	GeForce 9           (G9x)
[    50.765] 	GeForce GTX 2xx/3xx (GT2xx)
[    50.765] 	GeForce GTX 4xx/5xx (GFxxx)
[    50.765] 	GeForce GTX 6xx/7xx (GKxxx)
[    50.765] 	GeForce GTX 9xx     (GMxxx)
[    50.765] 	GeForce GTX 10xx    (GPxxx)
[    50.765] (II) modesetting: Driver for Modesetting Kernel Drivers: kms
[    50.765] (II) FBDEV: driver for framebuffer: fbdev
[    50.765] (II) VESA: driver for VESA chipsets: vesa
[    50.765] xf86EnableIO: failed to enable I/O ports 0000-03ff (Operation not permitted)
[    50.766] (II) modeset(0): using drv /dev/dri/card1
[    50.766] (WW) Falling back to old probe method for fbdev
[    50.766] (II) Loading sub module "fbdevhw"
[    50.766] (II) LoadModule: "fbdevhw"
[    50.766] (II) Loading /usr/lib/xorg/modules/libfbdevhw.so
[    50.766] (II) Module fbdevhw: vendor="X.Org Foundation"
[    50.766] 	compiled for 1.21.1.4, module version = 0.0.2
[    50.766] 	ABI class: X.Org Video Driver, version 25.2
[    50.766] (EE) open /dev/fb0: Permission denied
[    50.766] (II) systemd-logind: releasing fd for 226:0
[    50.767] (II) Loading sub module "fb"
[    50.767] (II) LoadModule: "fb"
[    50.767] (II) Module "fb" already built-in
[    50.767] (II) Loading sub module "wfb"
[    50.767] (II) LoadModule: "wfb"
[    50.767] (II) Loading /usr/lib/xorg/modules/libwfb.so
[    50.767] (II) Module wfb: vendor="X.Org Foundation"
[    50.767] 	compiled for 1.21.1.4, module version = 1.0.0
[    50.767] 	ABI class: X.Org ANSI C Emulation, version 0.4
[    50.767] (II) Loading sub module "ramdac"
[    50.767] (II) LoadModule: "ramdac"
[    50.767] (II) Module "ramdac" already built-in
[    50.768] (WW) VGA arbiter: cannot open kernel arbiter, no multi-card support
[    50.768] (II) modeset(0): Creating default Display subsection in Screen section
	"Default Screen Section" for depth/fbbpp 24/32
[    50.768] (==) modeset(0): Depth 24, (==) framebuffer bpp 32
[    50.768] (==) modeset(0): RGB weight 888
[    50.768] (==) modeset(0): Default visual is TrueColor
[    50.768] (II) Loading sub module "glamoregl"
[    50.768] (II) LoadModule: "glamoregl"
[    50.768] (II) Loading /usr/lib/xorg/modules/libglamoregl.so
[    50.774] (II) Module glamoregl: vendor="X.Org Foundation"
[    50.774] 	compiled for 1.21.1.4, module version = 1.0.1
[    50.774] 	ABI class: X.Org ANSI C Emulation, version 0.4
[    50.851] (II) modeset(0): glamor X acceleration enabled on Mesa Intel(R) UHD Graphics 630 (CFL GT2)
[    50.851] (II) modeset(0): glamor initialized
[    50.851] (==) modeset(0): VariableRefresh: disabled
[    50.851] (==) modeset(0): AsyncFlipSecondaries: disabled
[    50.853] (II) modeset(0): Output eDP-1 has no monitor section
[    50.859] (II) modeset(0): Output HDMI-1 has no monitor section
[    50.860] (II) modeset(0): EDID for output eDP-1
[    50.860] (II) modeset(0): Manufacturer: AUO  Model: 61ed  Serial#: 0
[    50.860] (II) modeset(0): Year: 2016  Week: 0
[    50.860] (II) modeset(0): EDID Version: 1.4
[    50.860] (II) modeset(0): Digital Display Input
[    50.860] (II) modeset(0): 8 bits per channel
[    50.860] (II) modeset(0): Digital interface is DisplayPort
[    50.860] (II) modeset(0): Max Image Size [cm]: horiz.: 34  vert.: 19
[    50.860] (II) modeset(0): Gamma: 2.20
[    50.860] (II) modeset(0): No DPMS capabilities specified
[    50.860] (II) modeset(0): Supported color encodings: RGB 4:4:4 
[    50.860] (II) modeset(0): First detailed timing is preferred mode
[    50.860] (II) modeset(0): Preferred mode is native pixel format and refresh rate
[    50.860] (II) modeset(0): redX: 0.575 redY: 0.345   greenX: 0.350 greenY: 0.575
[    50.860] (II) modeset(0): blueX: 0.160 blueY: 0.150   whiteX: 0.313 whiteY: 0.329
[    50.860] (II) modeset(0): Manufacturer's mask: 0
[    50.860] (II) modeset(0): Supported detailed timing:
[    50.860] (II) modeset(0): clock: 142.0 MHz   Image Size:  344 x 193 mm
[    50.860] (II) modeset(0): h_active: 1920  h_sync: 2028  h_sync_end 2076 h_blank_end 2100 h_border: 0
[    50.860] (II) modeset(0): v_active: 1080  v_sync: 1090  v_sync_end 1100 v_blanking: 1126 v_border: 0
[    50.860] (II) modeset(0): Unknown vendor-specific block f
[    50.860] (II) modeset(0):  AUO
[    50.860] (II) modeset(0):  B156HAN06.1
[    50.860] (II) modeset(0): EDID (in hex):
[    50.860] (II) modeset(0): 	00ffffffffffff0006afed6100000000
[    50.860] (II) modeset(0): 	001a0104a52213780259259358599329
[    50.860] (II) modeset(0): 	26505400000001010101010101010101
[    50.860] (II) modeset(0): 	010101010101783780b470382e406c30
[    50.860] (II) modeset(0): 	aa0058c1100000180000000f00000000
[    50.860] (II) modeset(0): 	00000000000000000020000000fe0041
[    50.860] (II) modeset(0): 	554f0a202020202020202020000000fe
[    50.860] (II) modeset(0): 	004231353648414e30362e31200a00da
[    50.861] (II) modeset(0): Printing probed modes for output eDP-1
[    50.861] (II) modeset(0): Modeline "1920x1080"x60.1  142.00  1920 2028 2076 2100  1080 1090 1100 1126 -hsync -vsync (67.6 kHz eP)
[    50.861] (II) modeset(0): Modeline "1920x1080"x120.0  356.38  1920 2080 2288 2656  1080 1081 1084 1118 doublescan -hsync +vsync (134.2 kHz d)
[    50.861] (II) modeset(0): Modeline "1920x1080"x119.9  266.50  1920 1944 1960 2000  1080 1081 1084 1111 doublescan +hsync -vsync (133.2 kHz d)
[    50.861] (II) modeset(0): Modeline "1920x1080"x60.0  173.00  1920 2048 2248 2576  1080 1083 1088 1120 -hsync +vsync (67.2 kHz d)
[    50.861] (II) modeset(0): Modeline "1920x1080"x59.9  138.50  1920 1968 2000 2080  1080 1083 1088 1111 +hsync -vsync (66.6 kHz d)
[    50.861] (II) modeset(0): Modeline "1680x1050"x60.0  146.25  1680 1784 1960 2240  1050 1053 1059 1089 -hsync +vsync (65.3 kHz d)
[    50.861] (II) modeset(0): Modeline "1680x1050"x59.9  119.00  1680 1728 1760 1840  1050 1053 1059 1080 +hsync -vsync (64.7 kHz d)
[    50.861] (II) modeset(0): Modeline "1400x1050"x60.0  122.00  1400 1488 1640 1880  1050 1052 1064 1082 +hsync +vsync (64.9 kHz d)
[    50.861] (II) modeset(0): Modeline "1600x900"x120.0  246.00  1600 1728 1900 2200  900 901 904 932 doublescan -hsync +vsync (111.8 kHz d)
[    50.861] (II) modeset(0): Modeline "1600x900"x119.9  186.50  1600 1624 1640 1680  900 901 904 926 doublescan +hsync -vsync (111.0 kHz d)
[    50.861] (II) modeset(0): Modeline "1600x900"x59.9  118.25  1600 1696 1856 2112  900 903 908 934 -hsync +vsync (56.0 kHz d)
[    50.861] (II) modeset(0): Modeline "1600x900"x59.8   97.50  1600 1648 1680 1760  900 903 908 926 +hsync -vsync (55.4 kHz d)
[    50.861] (II) modeset(0): Modeline "1280x1024"x60.0  108.00  1280 1328 1440 1688  1024 1025 1028 1066 +hsync +vsync (64.0 kHz d)
[    50.861] (II) modeset(0): Modeline "1400x900"x60.0  103.50  1400 1480 1624 1848  900 903 913 934 -hsync +vsync (56.0 kHz d)
[    50.861] (II) modeset(0): Modeline "1400x900"x59.9   86.50  1400 1448 1480 1560  900 903 913 926 +hsync -vsync (55.4 kHz d)
[    50.861] (II) modeset(0): Modeline "1280x960"x60.0  108.00  1280 1376 1488 1800  960 961 964 1000 +hsync +vsync (60.0 kHz d)
[    50.861] (II) modeset(0): Modeline "1440x810"x120.0  198.12  1440 1548 1704 1968  810 811 814 839 doublescan -hsync +vsync (100.7 kHz d)
[    50.861] (II) modeset(0): Modeline "1440x810"x119.9  151.88  1440 1464 1480 1520  810 811 814 833 doublescan +hsync -vsync (99.9 kHz d)
[    50.861] (II) modeset(0): Modeline "1368x768"x59.9   85.25  1368 1440 1576 1784  768 771 781 798 -hsync +vsync (47.8 kHz d)
[    50.861] (II) modeset(0): Modeline "1368x768"x59.9   72.25  1368 1416 1448 1528  768 771 781 790 +hsync -vsync (47.3 kHz d)
[    50.861] (II) modeset(0): Modeline "1280x800"x120.0  174.25  1280 1380 1516 1752  800 801 804 829 doublescan -hsync +vsync (99.5 kHz d)
[    50.861] (II) modeset(0): Modeline "1280x800"x119.9  134.25  1280 1304 1320 1360  800 801 804 823 doublescan +hsync -vsync (98.7 kHz d)
[    50.861] (II) modeset(0): Modeline "1280x800"x59.8   83.50  1280 1352 1480 1680  800 803 809 831 -hsync +vsync (49.7 kHz d)
[    50.861] (II) modeset(0): Modeline "1280x800"x59.9   71.00  1280 1328 1360 1440  800 803 809 823 +hsync -vsync (49.3 kHz d)
[    50.861] (II) modeset(0): Modeline "1280x720"x120.0  156.12  1280 1376 1512 1744  720 721 724 746 doublescan -hsync +vsync (89.5 kHz d)
[    50.861] (II) modeset(0): Modeline "1280x720"x120.0  120.75  1280 1304 1320 1360  720 721 724 740 doublescan +hsync -vsync (88.8 kHz d)
[    50.861] (II) modeset(0): Modeline "1280x720"x59.9   74.50  1280 1344 1472 1664  720 723 728 748 -hsync +vsync (44.8 kHz d)
[    50.861] (II) modeset(0): Modeline "1280x720"x59.7   63.75  1280 1328 1360 1440  720 723 728 741 +hsync -vsync (44.3 kHz d)
[    50.861] (II) modeset(0): Modeline "1024x768"x120.1  133.47  1024 1100 1212 1400  768 768 770 794 doublescan -hsync +vsync (95.3 kHz d)
[    50.861] (II) modeset(0): Modeline "1024x768"x60.0   65.00  1024 1048 1184 1344  768 771 777 806 -hsync -vsync (48.4 kHz d)
[    50.861] (II) modeset(0): Modeline "960x720"x120.0  117.00  960 1024 1128 1300  720 720 722 750 doublescan -hsync +vsync (90.0 kHz d)
[    50.861] (II) modeset(0): Modeline "928x696"x120.1  109.15  928 976 1088 1264  696 696 698 719 doublescan -hsync +vsync (86.4 kHz d)
[    50.861] (II) modeset(0): Modeline "896x672"x120.0  102.40  896 960 1060 1224  672 672 674 697 doublescan -hsync +vsync (83.7 kHz d)
[    50.861] (II) modeset(0): Modeline "1024x576"x119.9   98.50  1024 1092 1200 1376  576 577 580 597 doublescan -hsync +vsync (71.6 kHz d)
[    50.861] (II) modeset(0): Modeline "1024x576"x119.9   78.38  1024 1048 1064 1104  576 577 580 592 doublescan +hsync -vsync (71.0 kHz d)
[    50.861] (II) modeset(0): Modeline "1024x576"x59.9   46.50  1024 1064 1160 1296  576 579 584 599 -hsync +vsync (35.9 kHz d)
[    50.861] (II) modeset(0): Modeline "1024x576"x59.8   42.00  1024 1072 1104 1184  576 579 584 593 +hsync -vsync (35.5 kHz d)
[    50.861] (II) modeset(0): Modeline "960x600"x119.9   96.62  960 1028 1128 1296  600 601 604 622 doublescan -hsync +vsync (74.6 kHz d)
[    50.861] (II) modeset(0): Modeline "960x600"x120.0   77.00  960 984 1000 1040  600 601 604 617 doublescan +hsync -vsync (74.0 kHz d)
[    50.861] (II) modeset(0): Modeline "960x540"x119.9   86.50  960 1024 1124 1288  540 541 544 560 doublescan -hsync +vsync (67.2 kHz d)
[    50.861] (II) modeset(0): Modeline "960x540"x120.0   69.25  960 984 1000 1040  540 541 544 555 doublescan +hsync -vsync (66.6 kHz d)
[    50.861] (II) modeset(0): Modeline "960x540"x59.6   40.75  960 992 1088 1216  540 543 548 562 -hsync +vsync (33.5 kHz d)
[    50.861] (II) modeset(0): Modeline "960x540"x59.8   37.25  960 1008 1040 1120  540 543 548 556 +hsync -vsync (33.3 kHz d)
[    50.861] (II) modeset(0): Modeline "800x600"x120.0   81.00  800 832 928 1080  600 600 602 625 doublescan +hsync +vsync (75.0 kHz d)
[    50.861] (II) modeset(0): Modeline "800x600"x60.3   40.00  800 840 968 1056  600 601 605 628 +hsync +vsync (37.9 kHz d)
[    50.861] (II) modeset(0): Modeline "800x600"x56.2   36.00  800 824 896 1024  600 601 603 625 +hsync +vsync (35.2 kHz d)
[    50.861] (II) modeset(0): Modeline "840x525"x120.0   73.12  840 892 980 1120  525 526 529 544 doublescan -hsync +vsync (65.3 kHz d)
[    50.861] (II) modeset(0): Modeline "840x525"x119.8   59.50  840 864 880 920  525 526 529 540 doublescan +hsync -vsync (64.7 kHz d)
[    50.861] (II) modeset(0): Modeline "864x486"x59.9   32.50  864 888 968 1072  486 489 494 506 -hsync +vsync (30.3 kHz d)
[    50.861] (II) modeset(0): Modeline "864x486"x59.6   30.50  864 912 944 1024  486 489 494 500 +hsync -vsync (29.8 kHz d)
[    50.861] (II) modeset(0): Modeline "700x525"x120.0   61.00  700 744 820 940  525 526 532 541 doublescan +hsync +vsync (64.9 kHz d)
[    50.861] (II) modeset(0): Modeline "800x450"x119.9   59.12  800 848 928 1056  450 451 454 467 doublescan -hsync +vsync (56.0 kHz d)
[    50.861] (II) modeset(0): Modeline "800x450"x119.6   48.75  800 824 840 880  450 451 454 463 doublescan +hsync -vsync (55.4 kHz d)
[    50.862] (II) modeset(0): Modeline "640x512"x120.0   54.00  640 664 720 844  512 512 514 533 doublescan +hsync +vsync (64.0 kHz d)
[    50.862] (II) modeset(0): Modeline "700x450"x119.9   51.75  700 740 812 924  450 451 456 467 doublescan -hsync +vsync (56.0 kHz d)
[    50.862] (II) modeset(0): Modeline "700x450"x119.8   43.25  700 724 740 780  450 451 456 463 doublescan +hsync -vsync (55.4 kHz d)
[    50.862] (II) modeset(0): Modeline "640x480"x120.0   54.00  640 688 744 900  480 480 482 500 doublescan +hsync +vsync (60.0 kHz d)
[    50.862] (II) modeset(0): Modeline "640x480"x59.9   25.18  640 656 752 800  480 490 492 525 -hsync -vsync (31.5 kHz d)
[    50.862] (II) modeset(0): Modeline "720x405"x59.5   22.50  720 744 808 896  405 408 413 422 -hsync +vsync (25.1 kHz d)
[    50.862] (II) modeset(0): Modeline "720x405"x59.0   21.75  720 768 800 880  405 408 413 419 +hsync -vsync (24.7 kHz d)
[    50.862] (II) modeset(0): Modeline "684x384"x119.8   42.62  684 720 788 892  384 385 390 399 doublescan -hsync +vsync (47.8 kHz d)
[    50.862] (II) modeset(0): Modeline "684x384"x119.7   36.12  684 708 724 764  384 385 390 395 doublescan +hsync -vsync (47.3 kHz d)
[    50.862] (II) modeset(0): Modeline "640x400"x119.8   41.75  640 676 740 840  400 401 404 415 doublescan -hsync +vsync (49.7 kHz d)
[    50.862] (II) modeset(0): Modeline "640x400"x120.0   35.50  640 664 680 720  400 401 404 411 doublescan +hsync -vsync (49.3 kHz d)
[    50.862] (II) modeset(0): Modeline "640x360"x119.7   37.25  640 672 736 832  360 361 364 374 doublescan -hsync +vsync (44.8 kHz d)
[    50.862] (II) modeset(0): Modeline "640x360"x119.7   31.88  640 664 680 720  360 361 364 370 doublescan +hsync -vsync (44.3 kHz d)
[    50.862] (II) modeset(0): Modeline "640x360"x59.8   18.00  640 664 720 800  360 363 368 376 -hsync +vsync (22.5 kHz d)
[    50.862] (II) modeset(0): Modeline "640x360"x59.3   17.75  640 688 720 800  360 363 368 374 +hsync -vsync (22.2 kHz d)
[    50.862] (II) modeset(0): Modeline "512x384"x120.0   32.50  512 524 592 672  384 385 388 403 doublescan -hsync -vsync (48.4 kHz d)
[    50.862] (II) modeset(0): Modeline "512x288"x120.0   23.25  512 532 580 648  288 289 292 299 doublescan -hsync +vsync (35.9 kHz d)
[    50.862] (II) modeset(0): Modeline "512x288"x119.8   21.00  512 536 552 592  288 289 292 296 doublescan +hsync -vsync (35.5 kHz d)
[    50.862] (II) modeset(0): Modeline "480x270"x119.3   20.38  480 496 544 608  270 271 274 281 doublescan -hsync +vsync (33.5 kHz d)
[    50.862] (II) modeset(0): Modeline "480x270"x119.6   18.62  480 504 520 560  270 271 274 278 doublescan +hsync -vsync (33.3 kHz d)
[    50.862] (II) modeset(0): Modeline "400x300"x120.6   20.00  400 420 484 528  300 300 302 314 doublescan +hsync +vsync (37.9 kHz d)
[    50.862] (II) modeset(0): Modeline "400x300"x112.7   18.00  400 412 448 512  300 300 301 312 doublescan +hsync +vsync (35.2 kHz d)
[    50.862] (II) modeset(0): Modeline "432x243"x119.8   16.25  432 444 484 536  243 244 247 253 doublescan -hsync +vsync (30.3 kHz d)
[    50.862] (II) modeset(0): Modeline "432x243"x119.1   15.25  432 456 472 512  243 244 247 250 doublescan +hsync -vsync (29.8 kHz d)
[    50.862] (II) modeset(0): Modeline "320x240"x120.1   12.59  320 328 376 400  240 245 246 262 doublescan -hsync -vsync (31.5 kHz d)
[    50.862] (II) modeset(0): Modeline "360x202"x119.0   11.25  360 372 404 448  202 204 206 211 doublescan -hsync +vsync (25.1 kHz d)
[    50.862] (II) modeset(0): Modeline "360x202"x118.3   10.88  360 384 400 440  202 204 206 209 doublescan +hsync -vsync (24.7 kHz d)
[    50.862] (II) modeset(0): Modeline "320x180"x119.7    9.00  320 332 360 400  180 181 184 188 doublescan -hsync +vsync (22.5 kHz d)
[    50.862] (II) modeset(0): Modeline "320x180"x118.6    8.88  320 344 360 400  180 181 184 187 doublescan +hsync -vsync (22.2 kHz d)
[    50.868] (II) modeset(0): EDID for output HDMI-1
[    50.868] (II) modeset(0): Output eDP-1 connected
[    50.868] (II) modeset(0): Output HDMI-1 disconnected
[    50.868] (II) modeset(0): Using exact sizes for initial modes
[    50.868] (II) modeset(0): Output eDP-1 using initial mode 1920x1080 +0+0
[    50.868] (==) modeset(0): Using gamma correction (1.0, 1.0, 1.0)
[    50.868] (==) modeset(0): DPI set to (96, 96)
[    50.868] (II) Loading sub module "fb"
[    50.868] (II) LoadModule: "fb"
[    50.868] (II) Module "fb" already built-in
[    50.868] (==) NVIDIA(G0): Depth 24, (==) framebuffer bpp 32
[    50.868] (==) NVIDIA(G0): RGB weight 888
[    50.868] (==) NVIDIA(G0): Default visual is TrueColor
[    50.868] (==) NVIDIA(G0): Using gamma correction (1.0, 1.0, 1.0)
[    50.868] (**) Option "AllowNVIDIAGpuScreens"
[    50.868] (II) Applying OutputClass "nvidia" options to /dev/dri/card0
[    50.868] (**) NVIDIA(G0): Option "AllowEmptyInitialConfiguration"
[    50.868] (**) NVIDIA(G0): Enabling 2D acceleration
[    50.868] (II) Loading sub module "glxserver_nvidia"
[    50.868] (II) LoadModule: "glxserver_nvidia"
[    50.868] (II) Loading /usr/lib/x86_64-linux-gnu/nvidia/xorg/libglxserver_nvidia.so
[    50.880] (II) Module glxserver_nvidia: vendor="NVIDIA Corporation"
[    50.880] 	compiled for 1.6.99.901, module version = 1.0.0
[    50.880] 	Module class: X.Org Server Extension
[    50.880] (II) NVIDIA GLX Module  515.65.01  Wed Jul 20 13:48:42 UTC 2022
[    50.880] (II) NVIDIA: The X server supports PRIME Render Offload.
[    50.882] (II) NVIDIA(G0): NVIDIA GPU NVIDIA GeForce GTX 1050 (GP107-A) at PCI:1:0:0
[    50.882] (II) NVIDIA(G0):     (GPU-0)
[    50.882] (--) NVIDIA(G0): Memory: 4194304 kBytes
[    50.882] (--) NVIDIA(G0): VideoBIOS: 86.07.50.00.57
[    50.882] (II) NVIDIA(G0): Detected PCI Express Link width: 16X
[    50.882] (II) NVIDIA(G0): Validated MetaModes:
[    50.882] (II) NVIDIA(G0):     "NULL"
[    50.882] (II) NVIDIA(G0): Virtual screen size determined to be 640 x 480
[    50.882] (WW) NVIDIA(G0): Unable to get display device for DPI computation.
[    50.882] (==) NVIDIA(G0): DPI set to (75, 75); computed from built-in default
[    50.882] (II) UnloadModule: "nouveau"
[    50.882] (II) Unloading nouveau
[    50.882] (II) UnloadModule: "fbdev"
[    50.882] (II) Unloading fbdev
[    50.882] (II) UnloadSubModule: "fbdevhw"
[    50.882] (II) Unloading fbdevhw
[    50.882] (II) UnloadModule: "vesa"
[    50.882] (II) Unloading vesa
[    50.901] (==) modeset(0): Backing store enabled
[    50.901] (==) modeset(0): Silken mouse enabled
[    50.977] (II) modeset(0): Initializing kms color map for depth 24, 8 bpc.
[    50.977] (==) modeset(0): DPMS enabled
[    50.977] (II) modeset(0): [DRI2] Setup complete
[    50.977] (II) modeset(0): [DRI2]   DRI driver: iris
[    50.977] (II) modeset(0): [DRI2]   VDPAU driver: va_gl
[    50.977] (WW) NVIDIA: Failed to bind sideband socket to
[    50.977] (WW) NVIDIA:     '/var/run/nvidia-xdriver-d71501ec' Permission denied
[    50.977] (II) NVIDIA: Reserving 24576.00 MB of virtual memory for indirect memory
[    50.977] (II) NVIDIA:     access.
[    50.983] (II) NVIDIA(G0): ACPI: failed to connect to the ACPI event daemon; the daemon
[    50.983] (II) NVIDIA(G0):     may not be running or the "AcpidSocketPath" X
[    50.983] (II) NVIDIA(G0):     configuration option may not be set correctly.  When the
[    50.983] (II) NVIDIA(G0):     ACPI event daemon is available, the NVIDIA X driver will
[    50.983] (II) NVIDIA(G0):     try to use it to receive ACPI event notifications.  For
[    50.983] (II) NVIDIA(G0):     details, please see the "ConnectToAcpid" and
[    50.983] (II) NVIDIA(G0):     "AcpidSocketPath" X configuration options in Appendix B: X
[    50.983] (II) NVIDIA(G0):     Config Options in the README.
[    51.004] (II) NVIDIA(G0): Setting mode "NULL"
[    51.007] (==) NVIDIA(G0): Disabling shared memory pixmaps
[    51.007] (==) NVIDIA(G0): Backing store enabled
[    51.007] (==) NVIDIA(G0): Silken mouse enabled
[    51.007] (==) NVIDIA(G0): DPMS enabled
[    51.007] (II) Loading sub module "dri2"
[    51.007] (II) LoadModule: "dri2"
[    51.007] (II) Module "dri2" already built-in
[    51.007] (II) NVIDIA(G0): [DRI2] Setup complete
[    51.007] (II) NVIDIA(G0): [DRI2]   VDPAU driver: nvidia
[    51.007] (II) Initializing extension Generic Event Extension
[    51.008] (II) Initializing extension SHAPE
[    51.008] (II) Initializing extension MIT-SHM
[    51.008] (II) Initializing extension XInputExtension
[    51.008] (II) Initializing extension XTEST
[    51.008] (II) Initializing extension BIG-REQUESTS
[    51.008] (II) Initializing extension SYNC
[    51.008] (II) Initializing extension XKEYBOARD
[    51.008] (II) Initializing extension XC-MISC
[    51.008] (II) Initializing extension SECURITY
[    51.008] (II) Initializing extension XFIXES
[    51.009] (II) Initializing extension RENDER
[    51.009] (II) Initializing extension RANDR
[    51.009] (II) Initializing extension COMPOSITE
[    51.009] (II) Initializing extension DAMAGE
[    51.009] (II) Initializing extension MIT-SCREEN-SAVER
[    51.009] (II) Initializing extension DOUBLE-BUFFER
[    51.009] (II) Initializing extension RECORD
[    51.009] (II) Initializing extension DPMS
[    51.009] (II) Initializing extension Present
[    51.010] (II) Initializing extension DRI3
[    51.010] (II) Initializing extension X-Resource
[    51.010] (II) Initializing extension XVideo
[    51.010] (II) Initializing extension XVideo-MotionCompensation
[    51.010] (II) Initializing extension SELinux
[    51.010] (II) SELinux: Disabled on system
[    51.010] (II) Initializing extension GLX
[    51.010] (II) Initializing extension GLX
[    51.010] (II) Indirect GLX disabled.
[    51.020] (II) AIGLX: Loaded and initialized iris
[    51.020] (II) GLX: Initialized DRI2 GL provider for screen 0
[    51.020] (II) Initializing extension XFree86-VidModeExtension
[    51.021] (II) Initializing extension XFree86-DGA
[    51.021] (II) Initializing extension XFree86-DRI
[    51.021] (II) Initializing extension DRI2
[    51.021] (II) Initializing extension NV-GLX
[    51.021] (II) Initializing extension NV-CONTROL
[    51.022] (II) modeset(0): Damage tracking initialized
[    51.022] (II) modeset(0): Setting screen physical size to 508 x 285
[    51.071] (II) config/udev: Adding input device Power Button (/dev/input/event3)
[    51.071] (**) Power Button: Applying InputClass "libinput keyboard catchall"
[    51.071] (II) LoadModule: "libinput"
[    51.071] (II) Loading /usr/lib/xorg/modules/input/libinput_drv.so
[    51.073] (II) Module libinput: vendor="X.Org Foundation"
[    51.073] 	compiled for 1.20.14, module version = 1.2.1
[    51.073] 	Module class: X.Org XInput Driver
[    51.073] 	ABI class: X.Org XInput driver, version 24.1
[    51.073] (II) Using input driver 'libinput' for 'Power Button'
[    51.073] (II) systemd-logind: got fd for /dev/input/event3 13:67 fd 44 paused 0
[    51.073] (**) Power Button: always reports core events
[    51.073] (**) Option "Device" "/dev/input/event3"
[    51.077] (II) event3  - Power Button: is tagged by udev as: Keyboard
[    51.077] (II) event3  - Power Button: device is a keyboard
[    51.077] (II) event3  - Power Button: device removed
[    51.077] (**) Option "config_info" "udev:/sys/devices/LNXSYSTM:00/LNXPWRBN:00/input/input3/event3"
[    51.077] (II) XINPUT: Adding extended input device "Power Button" (type: KEYBOARD, id 6)
[    51.077] (**) Option "xkb_model" "pc105"
[    51.077] (**) Option "xkb_layout" "us,in"
[    51.078] (**) Option "xkb_variant" ","
[    51.078] (**) Option "xkb_options" "grp_led:scroll"
[    51.106] (II) event3  - Power Button: is tagged by udev as: Keyboard
[    51.106] (II) event3  - Power Button: device is a keyboard
[    51.106] (II) config/udev: Adding input device Asus Wireless Radio Control (/dev/input/event7)
[    51.107] (**) Asus Wireless Radio Control: Applying InputClass "libinput keyboard catchall"
[    51.107] (II) Using input driver 'libinput' for 'Asus Wireless Radio Control'
[    51.107] (II) systemd-logind: got fd for /dev/input/event7 13:71 fd 47 paused 0
[    51.107] (**) Asus Wireless Radio Control: always reports core events
[    51.107] (**) Option "Device" "/dev/input/event7"
[    51.108] (II) event7  - Asus Wireless Radio Control: is tagged by udev as: Keyboard
[    51.109] (II) event7  - Asus Wireless Radio Control: device is a keyboard
[    51.109] (II) event7  - Asus Wireless Radio Control: device removed
[    51.109] (**) Option "config_info" "udev:/sys/devices/LNXSYSTM:00/LNXSYBUS:00/ATK4002:00/input/input7/event7"
[    51.109] (II) XINPUT: Adding extended input device "Asus Wireless Radio Control" (type: KEYBOARD, id 7)
[    51.109] (**) Option "xkb_model" "pc105"
[    51.109] (**) Option "xkb_layout" "us,in"
[    51.109] (**) Option "xkb_variant" ","
[    51.109] (**) Option "xkb_options" "grp_led:scroll"
[    51.110] (II) event7  - Asus Wireless Radio Control: is tagged by udev as: Keyboard
[    51.110] (II) event7  - Asus Wireless Radio Control: device is a keyboard
[    51.111] (II) config/udev: Adding input device Video Bus (/dev/input/event10)
[    51.111] (**) Video Bus: Applying InputClass "libinput keyboard catchall"
[    51.111] (II) Using input driver 'libinput' for 'Video Bus'
[    51.112] (II) systemd-logind: got fd for /dev/input/event10 13:74 fd 48 paused 0
[    51.112] (**) Video Bus: always reports core events
[    51.112] (**) Option "Device" "/dev/input/event10"
[    51.113] (II) event10 - Video Bus: is tagged by udev as: Keyboard
[    51.114] (II) event10 - Video Bus: device is a keyboard
[    51.114] (II) event10 - Video Bus: device removed
[    51.114] (**) Option "config_info" "udev:/sys/devices/LNXSYSTM:00/LNXSYBUS:00/PNP0A08:00/LNXVIDEO:00/input/input12/event10"
[    51.114] (II) XINPUT: Adding extended input device "Video Bus" (type: KEYBOARD, id 8)
[    51.114] (**) Option "xkb_model" "pc105"
[    51.114] (**) Option "xkb_layout" "us,in"
[    51.114] (**) Option "xkb_variant" ","
[    51.114] (**) Option "xkb_options" "grp_led:scroll"
[    51.115] (II) event10 - Video Bus: is tagged by udev as: Keyboard
[    51.116] (II) event10 - Video Bus: device is a keyboard
[    51.117] (II) config/udev: Adding input device Video Bus (/dev/input/event11)
[    51.117] (**) Video Bus: Applying InputClass "libinput keyboard catchall"
[    51.117] (II) Using input driver 'libinput' for 'Video Bus'
[    51.119] (II) systemd-logind: got fd for /dev/input/event11 13:75 fd 49 paused 0
[    51.119] (**) Video Bus: always reports core events
[    51.119] (**) Option "Device" "/dev/input/event11"
[    51.120] (II) event11 - Video Bus: is tagged by udev as: Keyboard
[    51.121] (II) event11 - Video Bus: device is a keyboard
[    51.121] (II) event11 - Video Bus: device removed
[    51.121] (**) Option "config_info" "udev:/sys/devices/LNXSYSTM:00/LNXSYBUS:00/PNP0A08:00/device:13/LNXVIDEO:01/input/input13/event11"
[    51.121] (II) XINPUT: Adding extended input device "Video Bus" (type: KEYBOARD, id 9)
[    51.121] (**) Option "xkb_model" "pc105"
[    51.121] (**) Option "xkb_layout" "us,in"
[    51.121] (**) Option "xkb_variant" ","
[    51.121] (**) Option "xkb_options" "grp_led:scroll"
[    51.124] (II) event11 - Video Bus: is tagged by udev as: Keyboard
[    51.124] (II) event11 - Video Bus: device is a keyboard
[    51.125] (II) config/udev: Adding input device Power Button (/dev/input/event1)
[    51.125] (**) Power Button: Applying InputClass "libinput keyboard catchall"
[    51.125] (II) Using input driver 'libinput' for 'Power Button'
[    51.126] (II) systemd-logind: got fd for /dev/input/event1 13:65 fd 50 paused 0
[    51.126] (**) Power Button: always reports core events
[    51.126] (**) Option "Device" "/dev/input/event1"
[    51.127] (II) event1  - Power Button: is tagged by udev as: Keyboard
[    51.128] (II) event1  - Power Button: device is a keyboard
[    51.128] (II) event1  - Power Button: device removed
[    51.128] (**) Option "config_info" "udev:/sys/devices/LNXSYSTM:00/LNXSYBUS:00/PNP0C0C:00/input/input1/event1"
[    51.128] (II) XINPUT: Adding extended input device "Power Button" (type: KEYBOARD, id 10)
[    51.128] (**) Option "xkb_model" "pc105"
[    51.128] (**) Option "xkb_layout" "us,in"
[    51.128] (**) Option "xkb_variant" ","
[    51.128] (**) Option "xkb_options" "grp_led:scroll"
[    51.129] (II) event1  - Power Button: is tagged by udev as: Keyboard
[    51.129] (II) event1  - Power Button: device is a keyboard
[    51.130] (II) config/udev: Adding input device Lid Switch (/dev/input/event2)
[    51.130] (II) No input driver specified, ignoring this device.
[    51.130] (II) This device may have been added with another device file.
[    51.131] (II) config/udev: Adding input device Sleep Button (/dev/input/event0)
[    51.131] (**) Sleep Button: Applying InputClass "libinput keyboard catchall"
[    51.131] (II) Using input driver 'libinput' for 'Sleep Button'
[    51.132] (II) systemd-logind: got fd for /dev/input/event0 13:64 fd 51 paused 0
[    51.132] (**) Sleep Button: always reports core events
[    51.132] (**) Option "Device" "/dev/input/event0"
[    51.133] (II) event0  - Sleep Button: is tagged by udev as: Keyboard
[    51.133] (II) event0  - Sleep Button: device is a keyboard
[    51.133] (II) event0  - Sleep Button: device removed
[    51.134] (**) Option "config_info" "udev:/sys/devices/LNXSYSTM:00/LNXSYBUS:00/PNP0C0E:00/input/input0/event0"
[    51.134] (II) XINPUT: Adding extended input device "Sleep Button" (type: KEYBOARD, id 11)
[    51.134] (**) Option "xkb_model" "pc105"
[    51.134] (**) Option "xkb_layout" "us,in"
[    51.134] (**) Option "xkb_variant" ","
[    51.134] (**) Option "xkb_options" "grp_led:scroll"
[    51.135] (II) event0  - Sleep Button: is tagged by udev as: Keyboard
[    51.136] (II) event0  - Sleep Button: device is a keyboard
[    51.138] (II) config/udev: Adding input device USB2.0 HD UVC WebCam: USB2.0 HD (/dev/input/event9)
[    51.138] (**) USB2.0 HD UVC WebCam: USB2.0 HD: Applying InputClass "libinput keyboard catchall"
[    51.138] (II) Using input driver 'libinput' for 'USB2.0 HD UVC WebCam: USB2.0 HD'
[    51.139] (II) systemd-logind: got fd for /dev/input/event9 13:73 fd 52 paused 0
[    51.139] (**) USB2.0 HD UVC WebCam: USB2.0 HD: always reports core events
[    51.139] (**) Option "Device" "/dev/input/event9"
[    51.140] (II) event9  - USB2.0 HD UVC WebCam: USB2.0 HD: is tagged by udev as: Keyboard
[    51.140] (II) event9  - USB2.0 HD UVC WebCam: USB2.0 HD: device is a keyboard
[    51.140] (II) event9  - USB2.0 HD UVC WebCam: USB2.0 HD: device removed
[    51.140] (**) Option "config_info" "udev:/sys/devices/pci0000:00/0000:00:14.0/usb1/1-7/1-7:1.0/input/input11/event9"
[    51.140] (II) XINPUT: Adding extended input device "USB2.0 HD UVC WebCam: USB2.0 HD" (type: KEYBOARD, id 12)
[    51.140] (**) Option "xkb_model" "pc105"
[    51.140] (**) Option "xkb_layout" "us,in"
[    51.140] (**) Option "xkb_variant" ","
[    51.140] (**) Option "xkb_options" "grp_led:scroll"
[    51.142] (II) event9  - USB2.0 HD UVC WebCam: USB2.0 HD: is tagged by udev as: Keyboard
[    51.143] (II) event9  - USB2.0 HD UVC WebCam: USB2.0 HD: device is a keyboard
[    51.144] (II) config/udev: Adding input device ELAN1200:00 04F3:3090 Touchpad (/dev/input/event8)
[    51.144] (**) ELAN1200:00 04F3:3090 Touchpad: Applying InputClass "libinput touchpad catchall"
[    51.144] (II) Using input driver 'libinput' for 'ELAN1200:00 04F3:3090 Touchpad'
[    51.144] (II) systemd-logind: got fd for /dev/input/event8 13:72 fd 53 paused 0
[    51.144] (**) ELAN1200:00 04F3:3090 Touchpad: always reports core events
[    51.144] (**) Option "Device" "/dev/input/event8"
[    51.146] (II) event8  - ELAN1200:00 04F3:3090 Touchpad: is tagged by udev as: Touchpad
[    51.148] (II) event8  - ELAN1200:00 04F3:3090 Touchpad: device is a touchpad
[    51.148] (II) event8  - ELAN1200:00 04F3:3090 Touchpad: device removed
[    51.149] (**) Option "config_info" "udev:/sys/devices/pci0000:00/0000:00:15.0/i2c_designware.0/i2c-1/i2c-ELAN1200:00/0018:04F3:3090.0001/input/input10/event8"
[    51.149] (II) XINPUT: Adding extended input device "ELAN1200:00 04F3:3090 Touchpad" (type: TOUCHPAD, id 13)
[    51.151] (**) Option "AccelerationScheme" "none"
[    51.151] (**) ELAN1200:00 04F3:3090 Touchpad: (accel) selected scheme none/0
[    51.151] (**) ELAN1200:00 04F3:3090 Touchpad: (accel) acceleration factor: 2.000
[    51.151] (**) ELAN1200:00 04F3:3090 Touchpad: (accel) acceleration threshold: 4
[    51.153] (II) event8  - ELAN1200:00 04F3:3090 Touchpad: is tagged by udev as: Touchpad
[    51.155] (II) event8  - ELAN1200:00 04F3:3090 Touchpad: device is a touchpad
[    51.156] (II) config/udev: Adding input device ELAN1200:00 04F3:3090 Touchpad (/dev/input/mouse1)
[    51.156] (II) No input driver specified, ignoring this device.
[    51.156] (II) This device may have been added with another device file.
[    51.158] (II) config/udev: Adding input device ELAN1200:00 04F3:3090 Mouse (/dev/input/event6)
[    51.158] (**) ELAN1200:00 04F3:3090 Mouse: Applying InputClass "libinput pointer catchall"
[    51.158] (II) Using input driver 'libinput' for 'ELAN1200:00 04F3:3090 Mouse'
[    51.159] (II) systemd-logind: got fd for /dev/input/event6 13:70 fd 54 paused 0
[    51.159] (**) ELAN1200:00 04F3:3090 Mouse: always reports core events
[    51.159] (**) Option "Device" "/dev/input/event6"
[    51.161] (II) event6  - ELAN1200:00 04F3:3090 Mouse: is tagged by udev as: Mouse Pointingstick
[    51.161] (II) event6  - ELAN1200:00 04F3:3090 Mouse: device is a pointer
[    51.163] (II) event6  - ELAN1200:00 04F3:3090 Mouse: device removed
[    51.163] (**) Option "config_info" "udev:/sys/devices/pci0000:00/0000:00:15.0/i2c_designware.0/i2c-1/i2c-ELAN1200:00/0018:04F3:3090.0001/input/input9/event6"
[    51.163] (II) XINPUT: Adding extended input device "ELAN1200:00 04F3:3090 Mouse" (type: MOUSE, id 14)
[    51.164] (**) Option "AccelerationScheme" "none"
[    51.164] (**) ELAN1200:00 04F3:3090 Mouse: (accel) selected scheme none/0
[    51.164] (**) ELAN1200:00 04F3:3090 Mouse: (accel) acceleration factor: 2.000
[    51.164] (**) ELAN1200:00 04F3:3090 Mouse: (accel) acceleration threshold: 4
[    51.166] (II) event6  - ELAN1200:00 04F3:3090 Mouse: is tagged by udev as: Mouse Pointingstick
[    51.167] (II) event6  - ELAN1200:00 04F3:3090 Mouse: device is a pointer
[    51.170] (II) config/udev: Adding input device ELAN1200:00 04F3:3090 Mouse (/dev/input/mouse0)
[    51.170] (II) No input driver specified, ignoring this device.
[    51.170] (II) This device may have been added with another device file.
[    51.171] (II) config/udev: Adding input device HDA Intel PCH Front Headphone (/dev/input/event12)
[    51.171] (II) No input driver specified, ignoring this device.
[    51.171] (II) This device may have been added with another device file.
[    51.172] (II) config/udev: Adding input device HDA Intel PCH HDMI/DP,pcm=3 (/dev/input/event13)
[    51.172] (II) No input driver specified, ignoring this device.
[    51.172] (II) This device may have been added with another device file.
[    51.172] (II) config/udev: Adding input device HDA Intel PCH HDMI/DP,pcm=7 (/dev/input/event14)
[    51.172] (II) No input driver specified, ignoring this device.
[    51.172] (II) This device may have been added with another device file.
[    51.173] (II) config/udev: Adding input device HDA Intel PCH HDMI/DP,pcm=8 (/dev/input/event15)
[    51.173] (II) No input driver specified, ignoring this device.
[    51.173] (II) This device may have been added with another device file.
[    51.174] (II) config/udev: Adding input device HDA Intel PCH HDMI/DP,pcm=9 (/dev/input/event16)
[    51.174] (II) No input driver specified, ignoring this device.
[    51.174] (II) This device may have been added with another device file.
[    51.175] (II) config/udev: Adding input device HDA Intel PCH HDMI/DP,pcm=10 (/dev/input/event17)
[    51.175] (II) No input driver specified, ignoring this device.
[    51.175] (II) This device may have been added with another device file.
[    51.176] (II) config/udev: Adding input device Asus WMI hotkeys (/dev/input/event5)
[    51.176] (**) Asus WMI hotkeys: Applying InputClass "libinput keyboard catchall"
[    51.176] (II) Using input driver 'libinput' for 'Asus WMI hotkeys'
[    51.178] (II) systemd-logind: got fd for /dev/input/event5 13:69 fd 55 paused 0
[    51.178] (**) Asus WMI hotkeys: always reports core events
[    51.178] (**) Option "Device" "/dev/input/event5"
[    51.179] (II) event5  - Asus WMI hotkeys: is tagged by udev as: Keyboard
[    51.179] (II) event5  - Asus WMI hotkeys: device is a keyboard
[    51.180] (II) event5  - Asus WMI hotkeys: device removed
[    51.180] (**) Option "config_info" "udev:/sys/devices/platform/asus-nb-wmi/input/input8/event5"
[    51.180] (II) XINPUT: Adding extended input device "Asus WMI hotkeys" (type: KEYBOARD, id 15)
[    51.180] (**) Option "xkb_model" "pc105"
[    51.180] (**) Option "xkb_layout" "us,in"
[    51.180] (**) Option "xkb_variant" ","
[    51.180] (**) Option "xkb_options" "grp_led:scroll"
[    51.181] (II) event5  - Asus WMI hotkeys: is tagged by udev as: Keyboard
[    51.181] (II) event5  - Asus WMI hotkeys: device is a keyboard
[    51.183] (II) config/udev: Adding input device AT Translated Set 2 keyboard (/dev/input/event4)
[    51.183] (**) AT Translated Set 2 keyboard: Applying InputClass "libinput keyboard catchall"
[    51.183] (II) Using input driver 'libinput' for 'AT Translated Set 2 keyboard'
[    51.184] (II) systemd-logind: got fd for /dev/input/event4 13:68 fd 56 paused 0
[    51.184] (**) AT Translated Set 2 keyboard: always reports core events
[    51.184] (**) Option "Device" "/dev/input/event4"
[    51.185] (II) event4  - AT Translated Set 2 keyboard: is tagged by udev as: Keyboard
[    51.185] (II) event4  - AT Translated Set 2 keyboard: device is a keyboard
[    51.187] (II) event4  - AT Translated Set 2 keyboard: device removed
[    51.187] (**) Option "config_info" "udev:/sys/devices/platform/i8042/serio0/input/input4/event4"
[    51.187] (II) XINPUT: Adding extended input device "AT Translated Set 2 keyboard" (type: KEYBOARD, id 16)
[    51.187] (**) Option "xkb_model" "pc105"
[    51.187] (**) Option "xkb_layout" "us,in"
[    51.187] (**) Option "xkb_variant" ","
[    51.187] (**) Option "xkb_options" "grp_led:scroll"
[    51.189] (II) event4  - AT Translated Set 2 keyboard: is tagged by udev as: Keyboard
[    51.189] (II) event4  - AT Translated Set 2 keyboard: device is a keyboard
[    51.295] (II) modeset(0): EDID vendor "AUO", prod id 25069
[    51.295] (II) modeset(0): Printing DDC gathered Modelines:
[    51.295] (II) modeset(0): Modeline "1920x1080"x0.0  142.00  1920 2028 2076 2100  1080 1090 1100 1126 -hsync -vsync (67.6 kHz eP)
[    51.312] (II) modeset(0): EDID vendor "AUO", prod id 25069
[    51.312] (II) modeset(0): Printing DDC gathered Modelines:
[    51.312] (II) modeset(0): Modeline "1920x1080"x0.0  142.00  1920 2028 2076 2100  1080 1090 1100 1126 -hsync -vsync (67.6 kHz eP)
[    51.329] (II) modeset(0): EDID vendor "AUO", prod id 25069
[    51.329] (II) modeset(0): Printing DDC gathered Modelines:
[    51.329] (II) modeset(0): Modeline "1920x1080"x0.0  142.00  1920 2028 2076 2100  1080 1090 1100 1126 -hsync -vsync (67.6 kHz eP)
[    51.346] (II) modeset(0): EDID vendor "AUO", prod id 25069
[    51.346] (II) modeset(0): Printing DDC gathered Modelines:
[    51.346] (II) modeset(0): Modeline "1920x1080"x0.0  142.00  1920 2028 2076 2100  1080 1090 1100 1126 -hsync -vsync (67.6 kHz eP)
[    51.362] (II) modeset(0): EDID vendor "AUO", prod id 25069
[    51.362] (II) modeset(0): Printing DDC gathered Modelines:
[    51.362] (II) modeset(0): Modeline "1920x1080"x0.0  142.00  1920 2028 2076 2100  1080 1090 1100 1126 -hsync -vsync (67.6 kHz eP)
[    51.636] (II) modeset(0): Allocate new frame buffer 320x200 stride
[    51.639] (II) modeset(0): Allocate new frame buffer 1920x1080 stride
[    53.270] (II) modeset(0): EDID vendor "AUO", prod id 25069
[    53.270] (II) modeset(0): Printing DDC gathered Modelines:
[    53.270] (II) modeset(0): Modeline "1920x1080"x0.0  142.00  1920 2028 2076 2100  1080 1090 1100 1126 -hsync -vsync (67.6 kHz eP)
